<?xml version="1.0" encoding="UTF-8"?>
<testsuites>
  <testsuite name="fastlane.lanes">
    
    
    
      
      <testcase classname="fastlane.lanes" name="0: default_platform" time="0.221297496">
        
      </testcase>
    
      
      <testcase classname="fastlane.lanes" name="1: gradle" time="82.703125831">
        
          <failure message="/var/lib/gems/2.3.0/gems/fastlane-2.100.1/fastlane/lib/fastlane/actions/actions_helper.rb:48:in `execute_action'&#10;/var/lib/gems/2.3.0/gems/fastlane-2.100.1/fastlane/lib/fastlane/runner.rb:232:in `block in execute_action'&#10;/var/lib/gems/2.3.0/gems/fastlane-2.100.1/fastlane/lib/fastlane/runner.rb:227:in `chdir'&#10;/var/lib/gems/2.3.0/gems/fastlane-2.100.1/fastlane/lib/fastlane/runner.rb:227:in `execute_action'&#10;/var/lib/gems/2.3.0/gems/fastlane-2.100.1/fastlane/lib/fastlane/runner.rb:157:in `trigger_action_by_name'&#10;/var/lib/gems/2.3.0/gems/fastlane-2.100.1/fastlane/lib/fastlane/fast_file.rb:149:in `method_missing'&#10;Fastfile:21:in `block (2 levels) in parsing_binding'&#10;/var/lib/gems/2.3.0/gems/fastlane-2.100.1/fastlane/lib/fastlane/lane.rb:33:in `call'&#10;/var/lib/gems/2.3.0/gems/fastlane-2.100.1/fastlane/lib/fastlane/runner.rb:49:in `block in execute'&#10;/var/lib/gems/2.3.0/gems/fastlane-2.100.1/fastlane/lib/fastlane/runner.rb:45:in `chdir'&#10;/var/lib/gems/2.3.0/gems/fastlane-2.100.1/fastlane/lib/fastlane/runner.rb:45:in `execute'&#10;/var/lib/gems/2.3.0/gems/fastlane-2.100.1/fastlane/lib/fastlane/lane_manager.rb:56:in `cruise_lane'&#10;/var/lib/gems/2.3.0/gems/fastlane-2.100.1/fastlane/lib/fastlane/command_line_handler.rb:36:in `handle'&#10;/var/lib/gems/2.3.0/gems/fastlane-2.100.1/fastlane/lib/fastlane/commands_generator.rb:108:in `block (2 levels) in run'&#10;/var/lib/gems/2.3.0/gems/commander-fastlane-4.4.6/lib/commander/command.rb:178:in `call'&#10;/var/lib/gems/2.3.0/gems/commander-fastlane-4.4.6/lib/commander/command.rb:153:in `run'&#10;/var/lib/gems/2.3.0/gems/commander-fastlane-4.4.6/lib/commander/runner.rb:476:in `run_active_command'&#10;/var/lib/gems/2.3.0/gems/fastlane-2.100.1/fastlane_core/lib/fastlane_core/ui/fastlane_runner.rb:74:in `run!'&#10;/var/lib/gems/2.3.0/gems/commander-fastlane-4.4.6/lib/commander/delegates.rb:15:in `run!'&#10;/var/lib/gems/2.3.0/gems/fastlane-2.100.1/fastlane/lib/fastlane/commands_generator.rb:333:in `run'&#10;/var/lib/gems/2.3.0/gems/fastlane-2.100.1/fastlane/lib/fastlane/commands_generator.rb:41:in `start'&#10;/var/lib/gems/2.3.0/gems/fastlane-2.100.1/fastlane/lib/fastlane/cli_tools_distributor.rb:108:in `take_off'&#10;/var/lib/gems/2.3.0/gems/fastlane-2.100.1/bin/fastlane:20:in `&lt;top (required)&gt;'&#10;/usr/local/bin/fastlane:22:in `load'&#10;/usr/local/bin/fastlane:22:in `&lt;main&gt;'&#10;&#10;Exit status of command '/home/junior/AndroidStudioProjects/AndroidTeste/gradlew test -p .' was 1 instead of 0.&#10;Configuration 'androidTestCompile' in project ':app' is deprecated. Use 'androidTestImplementation' instead.&#10;Configuration 'compile' in project ':app' is deprecated. Use 'implementation' instead.&#10;:app:preBuild UP-TO-DATE&#10;:app:preDebugBuild UP-TO-DATE&#10;:app:compileDebugAidl UP-TO-DATE&#10;:app:compileDebugRenderscript UP-TO-DATE&#10;:app:checkDebugManifest UP-TO-DATE&#10;:app:generateDebugBuildConfig UP-TO-DATE&#10;:app:prepareLintJar UP-TO-DATE&#10;:app:generateDebugResValues UP-TO-DATE&#10;:app:generateDebugResources UP-TO-DATE&#10;:app:mergeDebugResources UP-TO-DATE&#10;:app:createDebugCompatibleScreenManifests UP-TO-DATE&#10;:app:processDebugManifest&#10;:app:splitsDiscoveryTaskDebug UP-TO-DATE&#10;:app:processDebugResources&#10;:app:generateDebugSources&#10;:app:javaPreCompileDebug UP-TO-DATE&#10;:app:compileDebugJavaWithJavac/home/junior/AndroidStudioProjects/AndroidTeste/app/src/main/java/drsjr/com/br/androidteste/Main.java:105: error: &lt;identifier&gt; expected&#10;        ButterKnife.&#10;                    ^&#10;/home/junior/AndroidStudioProjects/AndroidTeste/app/src/main/java/drsjr/com/br/androidteste/Main.java:105: error: not a statement&#10;        ButterKnife.&#10;                   ^&#10;/home/junior/AndroidStudioProjects/AndroidTeste/app/src/main/java/drsjr/com/br/androidteste/Main.java:107: error: reached end of file while parsing&#10;}&#10; ^&#10;3 errors&#10; FAILED&#10;&#10;FAILURE: Build failed with an exception.&#10;&#10;* What went wrong:&#10;Execution failed for task ':app:compileDebugJavaWithJavac'.&#10;&gt; Compilation failed; see the compiler error output for details.&#10;&#10;* Try:&#10;Run with --stacktrace option to get the stack trace. Run with --info or --debug option to get more log output.&#10;&#10;* Get more help at https://help.gradle.org&#10;&#10;BUILD FAILED in 1m 15s&#10;14 actionable tasks: 3 executed, 11 up-to-date&#10;" />
        
      </testcase>
    
  </testsuite>
</testsuites>
